<?xml version="1.0" encoding="UTF-8"?>
<!-- Generated by org.testng.reporters.JUnitReportReporter -->
<testsuite hostname="LAPTOP-0FGQSA9U" failures="0" tests="2" name="testcases.EntireFlow" time="30.025" errors="0" timestamp="2024-08-13T09:06:52 OMST" skipped="0">
  <testcase classname="testcases.EntireFlow" name="part2" time="10.679"/>
  <testcase classname="testcases.EntireFlow" name="part1" time="19.346"/>
</testsuite> <!-- testcases.EntireFlow -->
